flym3t0mars#7408: ['movie']
flym3t0mars#7408: ['pokemon']
flym3t0mars#7408: ['movie']
flym3t0mars#7408: ['pokemon movie']
flym3t0mars#7408: ['thi']
flym3t0mars#7408: ['test']
flym3t0mars#7408: ['test']
flym3t0mars#7408: ['this']
flym3t0mars#7408: []
flym3t0mars#7408: ['period']
flym3t0mars#7408: []
flym3t0mars#7408: ['period']
flym3t0mars#7408: []
flym3t0mars#7408: ['period']
flym3t0mars#7408: []
flym3t0mars#7408: ['pokemon']
flym3t0mars#7408: ['period']
flym3t0mars#7408: ['sea monkeys']
flym3t0mars#7408: ['pkmn']
flym3t0mars#7408: ['yugioh']
flym3t0mars#7408: ['peter parker III']
